# JRE version: OpenJDK Runtime Environment (8.0_152-b02) (build 1.8.0_152-release-1024-b02)
# Java VM: OpenJDK 64-Bit Server VM (25.152-b02 mixed mode windows-amd64 compressed oops)
Heap:
 PSYoungGen      total 224256K, used 66918K [0x00000000e0000000, 0x00000000f4a00000, 0x0000000100000000)
  eden space 207872K, 24% used [0x00000000e0000000,0x00000000e315a470,0x00000000ecb00000)
  from space 16384K, 99% used [0x00000000ecb00000,0x00000000edaff520,0x00000000edb00000)
  to   space 24576K, 0% used [0x00000000f3200000,0x00000000f3200000,0x00000000f4a00000)
 ParOldGen       total 54784K, used 33646K [0x00000000a0000000, 0x00000000a3580000, 0x00000000e0000000)
  object space 54784K, 61% used [0x00000000a0000000,0x00000000a20db890,0x00000000a3580000)
 Metaspace       used 55114K, capacity 57158K, committed 57432K, reserved 1097728K
  class space    used 7674K, capacity 8197K, committed 8280K, reserved 1048576K
GC Heap History (10 events):
Event: 28.246 GC heap before
{Heap before GC invocations=7 (full 1):
 PSYoungGen      total 68096K, used 65536K [0x00000000e0000000, 0x00000000e9400000, 0x0000000100000000)
  eden space 65536K, 100% used [0x00000000e0000000,0x00000000e4000000,0x00000000e4000000)
  from space 2560K, 0% used [0x00000000e4000000,0x00000000e4000000,0x00000000e4280000)
  to   space 10240K, 0% used [0x00000000e8a00000,0x00000000e8a00000,0x00000000e9400000)
 ParOldGen       total 40960K, used 13201K [0x00000000a0000000, 0x00000000a2800000, 0x00000000e0000000)
  object space 40960K, 32% used [0x00000000a0000000,0x00000000a0ce47f0,0x00000000a2800000)
 Metaspace       used 25991K, capacity 26630K, committed 26880K, reserved 1073152K
  class space    used 3626K, capacity 3771K, committed 3840K, reserved 1048576K
Event: 28.653 GC heap after
Heap after GC invocations=7 (full 1):
 PSYoungGen      total 124416K, used 6649K [0x00000000e0000000, 0x00000000e9080000, 0x0000000100000000)
  eden space 117760K, 0% used [0x00000000e0000000,0x00000000e0000000,0x00000000e7300000)
  from space 6656K, 99% used [0x00000000e8a00000,0x00000000e907e520,0x00000000e9080000)
  to   space 10240K, 0% used [0x00000000e7c80000,0x00000000e7c80000,0x00000000e8680000)
 ParOldGen       total 40960K, used 13209K [0x00000000a0000000, 0x00000000a2800000, 0x00000000e0000000)
  object space 40960K, 32% used [0x00000000a0000000,0x00000000a0ce67f0,0x00000000a2800000)
 Metaspace       used 25991K, capacity 26630K, committed 26880K, reserved 1073152K
  class space    used 3626K, capacity 3771K, committed 3840K, reserved 1048576K
}
Event: 36.874 GC heap before
{Heap before GC invocations=8 (full 1):
 PSYoungGen      total 124416K, used 111288K [0x00000000e0000000, 0x00000000e9080000, 0x0000000100000000)
  eden space 117760K, 88% used [0x00000000e0000000,0x00000000e662fec8,0x00000000e7300000)
  from space 6656K, 99% used [0x00000000e8a00000,0x00000000e907e520,0x00000000e9080000)
  to   space 10240K, 0% used [0x00000000e7c80000,0x00000000e7c80000,0x00000000e8680000)
 ParOldGen       total 40960K, used 13209K [0x00000000a0000000, 0x00000000a2800000, 0x00000000e0000000)
  object space 40960K, 32% used [0x00000000a0000000,0x00000000a0ce67f0,0x00000000a2800000)
 Metaspace       used 34343K, capacity 35284K, committed 35416K, reserved 1079296K
  class space    used 4815K, capacity 5127K, committed 5208K, reserved 1048576K
Event: 37.242 GC heap after
Heap after GC invocations=8 (full 1):
 PSYoungGen      total 137728K, used 10219K [0x00000000e0000000, 0x00000000ee900000, 0x0000000100000000)
  eden space 127488K, 0% used [0x00000000e0000000,0x00000000e0000000,0x00000000e7c80000)
  from space 10240K, 99% used [0x00000000e7c80000,0x00000000e867af80,0x00000000e8680000)
  to   space 14336K, 0% used [0x00000000edb00000,0x00000000edb00000,0x00000000ee900000)
 ParOldGen       total 40960K, used 17540K [0x00000000a0000000, 0x00000000a2800000, 0x00000000e0000000)
  object space 40960K, 42% used [0x00000000a0000000,0x00000000a1121040,0x00000000a2800000)
 Metaspace       used 34343K, capacity 35284K, committed 35416K, reserved 1079296K
  class space    used 4815K, capacity 5127K, committed 5208K, reserved 1048576K
}
Event: 37.242 GC heap before
{Heap before GC invocations=9 (full 2):
 PSYoungGen      total 137728K, used 10219K [0x00000000e0000000, 0x00000000ee900000, 0x0000000100000000)
  eden space 127488K, 0% used [0x00000000e0000000,0x00000000e0000000,0x00000000e7c80000)
  from space 10240K, 99% used [0x00000000e7c80000,0x00000000e867af80,0x00000000e8680000)
  to   space 14336K, 0% used [0x00000000edb00000,0x00000000edb00000,0x00000000ee900000)
 ParOldGen       total 40960K, used 17540K [0x00000000a0000000, 0x00000000a2800000, 0x00000000e0000000)
  object space 40960K, 42% used [0x00000000a0000000,0x00000000a1121040,0x00000000a2800000)
 Metaspace       used 34343K, capacity 35284K, committed 35416K, reserved 1079296K
  class space    used 4815K, capacity 5127K, committed 5208K, reserved 1048576K
Event: 37.737 GC heap after
Heap after GC invocations=9 (full 2):
 PSYoungGen      total 137728K, used 0K [0x00000000e0000000, 0x00000000ee900000, 0x0000000100000000)
  eden space 127488K, 0% used [0x00000000e0000000,0x00000000e0000000,0x00000000e7c80000)
  from space 10240K, 0% used [0x00000000e7c80000,0x00000000e7c80000,0x00000000e8680000)
  to   space 14336K, 0% used [0x00000000edb00000,0x00000000edb00000,0x00000000ee900000)
 ParOldGen       total 54784K, used 20635K [0x00000000a0000000, 0x00000000a3580000, 0x00000000e0000000)
  object space 54784K, 37% used [0x00000000a0000000,0x00000000a1426d60,0x00000000a3580000)
 Metaspace       used 34343K, capacity 35284K, committed 35416K, reserved 1079296K
  class space    used 4815K, capacity 5127K, committed 5208K, reserved 1048576K
}
Event: 43.002 GC heap before
{Heap before GC invocations=10 (full 2):
 PSYoungGen      total 137728K, used 127488K [0x00000000e0000000, 0x00000000ee900000, 0x0000000100000000)
  eden space 127488K, 100% used [0x00000000e0000000,0x00000000e7c80000,0x00000000e7c80000)
  from space 10240K, 0% used [0x00000000e7c80000,0x00000000e7c80000,0x00000000e8680000)
  to   space 14336K, 0% used [0x00000000edb00000,0x00000000edb00000,0x00000000ee900000)
 ParOldGen       total 54784K, used 20635K [0x00000000a0000000, 0x00000000a3580000, 0x00000000e0000000)
  object space 54784K, 37% used [0x00000000a0000000,0x00000000a1426d60,0x00000000a3580000)
 Metaspace       used 41540K, capacity 42750K, committed 42968K, reserved 1085440K
  class space    used 5706K, capacity 6088K, committed 6104K, reserved 1048576K
Event: 43.200 GC heap after
Heap after GC invocations=10 (full 2):
 PSYoungGen      total 222208K, used 14248K [0x00000000e0000000, 0x00000000ef280000, 0x0000000100000000)
  eden space 207872K, 0% used [0x00000000e0000000,0x00000000e0000000,0x00000000ecb00000)
  from space 14336K, 99% used [0x00000000edb00000,0x00000000ee8ea228,0x00000000ee900000)
  to   space 16384K, 0% used [0x00000000ecb00000,0x00000000ecb00000,0x00000000edb00000)
 ParOldGen       total 54784K, used 20643K [0x00000000a0000000, 0x00000000a3580000, 0x00000000e0000000)
  object space 54784K, 37% used [0x00000000a0000000,0x00000000a1428d60,0x00000000a3580000)
 Metaspace       used 41540K, capacity 42750K, committed 42968K, reserved 1085440K
  class space    used 5706K, capacity 6088K, committed 6104K, reserved 1048576K
}
Event: 54.433 GC heap before
{Heap before GC invocations=11 (full 2):
 PSYoungGen      total 222208K, used 222120K [0x00000000e0000000, 0x00000000ef280000, 0x0000000100000000)
  eden space 207872K, 100% used [0x00000000e0000000,0x00000000ecb00000,0x00000000ecb00000)
  from space 14336K, 99% used [0x00000000edb00000,0x00000000ee8ea228,0x00000000ee900000)
  to   space 16384K, 0% used [0x00000000ecb00000,0x00000000ecb00000,0x00000000edb00000)
 ParOldGen       total 54784K, used 20643K [0x00000000a0000000, 0x00000000a3580000, 0x00000000e0000000)
  object space 54784K, 37% used [0x00000000a0000000,0x00000000a1428d60,0x00000000a3580000)
 Metaspace       used 54937K, capacity 57006K, committed 57176K, reserved 1097728K
  class space    used 7665K, capacity 8193K, committed 8280K, reserved 1048576K
Event: 54.617 GC heap after
Heap after GC invocations=11 (full 2):
 PSYoungGen      total 224256K, used 16381K [0x00000000e0000000, 0x00000000f4a00000, 0x0000000100000000)
  eden space 207872K, 0% used [0x00000000e0000000,0x00000000e0000000,0x00000000ecb00000)
  from space 16384K, 99% used [0x00000000ecb00000,0x00000000edaff520,0x00000000edb00000)
  to   space 24576K, 0% used [0x00000000f3200000,0x00000000f3200000,0x00000000f4a00000)
 ParOldGen       total 54784K, used 33646K [0x00000000a0000000, 0x00000000a3580000, 0x00000000e0000000)
  object space 54784K, 61% used [0x00000000a0000000,0x00000000a20db890,0x00000000a3580000)
 Metaspace       used 54937K, capacity 57006K, committed 57176K, reserved 1097728K
  class space    used 7665K, capacity 8193K, committed 8280K, reserved 1048576K
}

